# JRE version: OpenJDK Runtime Environment (12.0.1+12) (build 12.0.1+12)
# Java VM: OpenJDK 64-Bit Server VM (12.0.1+12, mixed mode, sharing, tiered, compressed oops, g1 gc, windows-amd64)
Heap:
 garbage-first heap   total 155648K, used 10901K [0x0000000082000000, 0x0000000100000000)
  region size 1024K, 5 young (5120K), 5 survivors (5120K)
 Metaspace       used 15087K, capacity 15817K, committed 16000K, reserved 1062912K
  class space    used 2136K, capacity 2407K, committed 2432K, reserved 1048576K
GC Heap History (9 events):
Event: 2.427 GC heap before
{Heap before GC invocations=0 (full 0):
 garbage-first heap   total 129024K, used 14336K [0x0000000082000000, 0x0000000100000000)
  region size 1024K, 14 young (14336K), 0 survivors (0K)
 Metaspace       used 2443K, capacity 4731K, committed 4864K, reserved 1056768K
  class space    used 315K, capacity 474K, committed 512K, reserved 1048576K
}
Event: 2.456 GC heap after
{Heap after GC invocations=1 (full 0):
 garbage-first heap   total 129024K, used 6342K [0x0000000082000000, 0x0000000100000000)
  region size 1024K, 2 young (2048K), 2 survivors (2048K)
 Metaspace       used 2443K, capacity 4731K, committed 4864K, reserved 1056768K
  class space    used 315K, capacity 474K, committed 512K, reserved 1048576K
}
Event: 4.884 GC heap before
{Heap before GC invocations=1 (full 0):
 garbage-first heap   total 129024K, used 17606K [0x0000000082000000, 0x0000000100000000)
  region size 1024K, 13 young (13312K), 2 survivors (2048K)
 Metaspace       used 6045K, capacity 6487K, committed 6656K, reserved 1056768K
  class space    used 781K, capacity 900K, committed 1024K, reserved 1048576K
}
Event: 4.905 GC heap after
{Heap after GC invocations=2 (full 0):
 garbage-first heap   total 129024K, used 8021K [0x0000000082000000, 0x0000000100000000)
  region size 1024K, 2 young (2048K), 2 survivors (2048K)
 Metaspace       used 6045K, capacity 6487K, committed 6656K, reserved 1056768K
  class space    used 781K, capacity 900K, committed 1024K, reserved 1048576K
}
Event: 5.644 GC heap before
{Heap before GC invocations=2 (full 0):
 garbage-first heap   total 129024K, used 29525K [0x0000000082000000, 0x0000000100000000)
  region size 1024K, 24 young (24576K), 2 survivors (2048K)
 Metaspace       used 7655K, capacity 8115K, committed 8320K, reserved 1056768K
  class space    used 979K, capacity 1107K, committed 1152K, reserved 1048576K
}
Event: 5.661 GC heap after
{Heap after GC invocations=3 (full 0):
 garbage-first heap   total 129024K, used 8758K [0x0000000082000000, 0x0000000100000000)
  region size 1024K, 3 young (3072K), 3 survivors (3072K)
 Metaspace       used 7655K, capacity 8115K, committed 8320K, reserved 1056768K
  class space    used 979K, capacity 1107K, committed 1152K, reserved 1048576K
}
Event: 5.860 GC heap before
{Heap before GC invocations=3 (full 0):
 garbage-first heap   total 129024K, used 43574K [0x0000000082000000, 0x0000000100000000)
  region size 1024K, 38 young (38912K), 3 survivors (3072K)
 Metaspace       used 7655K, capacity 8115K, committed 8320K, reserved 1056768K
  class space    used 979K, capacity 1107K, committed 1152K, reserved 1048576K
}
Event: 5.875 GC heap after
{Heap after GC invocations=4 (full 0):
 garbage-first heap   total 129024K, used 9486K [0x0000000082000000, 0x0000000100000000)
  region size 1024K, 3 young (3072K), 3 survivors (3072K)
 Metaspace       used 7655K, capacity 8115K, committed 8320K, reserved 1056768K
  class space    used 979K, capacity 1107K, committed 1152K, reserved 1048576K
}
Event: 9.078 GC heap before
{Heap before GC invocations=4 (full 0):
 garbage-first heap   total 129024K, used 80142K [0x0000000082000000, 0x0000000100000000)
  region size 1024K, 73 young (74752K), 3 survivors (3072K)
 Metaspace       used 15087K, capacity 15817K, committed 16000K, reserved 1062912K
  class space    used 2136K, capacity 2407K, committed 2432K, reserved 1048576K
}

